Vector b:
[1.000]
[2.000]
[3.000]
M*x:
[0.000]
[0.000]
[2.000]
b-M*x:
[1.000]
[2.000]
[1.000]
Vector x:
[1.000]
[2.000]
[3.000]
Matrix M:
[  1.0 -0.5     ]
[ -0.5  1.0 -0.5]
[      -0.5  1.0]
 
Inside the CG Method
 
Initial r:
 
[1.000]
[2.000]
[1.000]
 
Initial p:
[1.000]
[2.000]
[1.000]
 
r_old: 6.000
 
INSIDE ITERATIONS
  
Iteration: 0
  
P at the beggining
[1.000]
[2.000]
[1.000]
  
A at the beggining
[  1.0 -0.5     ]
[ -0.5  1.0 -0.5]
[      -0.5  1.0]
  
AP:
[0.000]
[1.000]
[0.000]
  
  
Dot AP*p: 2.000
  
alpha:3.000    2.000
  
x:
[4.000]
[8.000]
[6.000]
  
r:3.000
[1.000]
[-1.000]
[1.000]
  
r_new:  3.000
  
p:
[1.500]
[0.000]
[1.500]
  
r_old:   3.000
  
  
Iteration: 1
  
P at the beggining
[1.500]
[0.000]
[1.500]
  
A at the beggining
[  1.0 -0.5     ]
[ -0.5  1.0 -0.5]
[      -0.5  1.0]
  
AP:
[1.500]
[-1.500]
[1.500]
  
  
Dot AP*p: 4.500
  
alpha:0.667    4.500
  
x:
[5.000]
[8.000]
[7.000]
  
r:0.000
[0.000]
[0.000]
[0.000]
  
r_new:  0.000
  
cg=1
Vector x finished:
[5.000]
[8.000]
[7.000]
6MatrixIdE
6VectorIdE
6VectorIdE
d
d
  
Template solution for 2D
Matrix M: 
[  3.0 -0.5      -0.5                         ]
[ -0.5  3.0 -0.5      -0.5                    ]
[      -0.5  3.0           -0.5               ]
[ -0.5            3.0 -0.5      -0.5          ]
[      -0.5      -0.5  3.0 -0.5      -0.5     ]
[           -0.5      -0.5  3.0           -0.5]
[                -0.5            3.0 -0.5     ]
[                     -0.5      -0.5  3.0 -0.5]
[                          -0.5      -0.5  3.0]
  
[0.500]
[0.707]
[0.500]
[0.707]
[1.000]
[0.707]
[0.500]
[0.707]
[0.500]
[0.000]
[0.000]
[0.000]
[0.000]
[0.000]
[0.000]
[0.000]
[0.000]
[0.000]
  
THIS IS THE SOLVE FOR N 
 
Inside the CG Method
 
Initial r:
 
[-0.293]
[-0.414]
[-0.293]
[-0.414]
[-0.586]
[-0.414]
[-0.293]
[-0.414]
[-0.293]
 
Initial p:
[-0.293]
[-0.414]
[-0.293]
[-0.414]
[-0.586]
[-0.414]
[-0.293]
[-0.414]
[-0.293]
 
r_old: 1.373
 
INSIDE ITERATIONS
  
Iteration: 0
  
P at the beggining
[-0.293]
[-0.414]
[-0.293]
[-0.414]
[-0.586]
[-0.414]
[-0.293]
[-0.414]
[-0.293]
  
A at the beggining
[  3.0 -0.5      -0.5                         ]
[ -0.5  3.0 -0.5      -0.5                    ]
[      -0.5  3.0           -0.5               ]
[ -0.5            3.0 -0.5      -0.5          ]
[      -0.5      -0.5  3.0 -0.5      -0.5     ]
[           -0.5      -0.5  3.0           -0.5]
[                -0.5            3.0 -0.5     ]
[                     -0.5      -0.5  3.0 -0.5]
[                          -0.5      -0.5  3.0]
  
AP:
[-0.464]
[-0.657]
[-0.464]
[-0.657]
[-0.929]
[-0.657]
[-0.464]
[-0.657]
[-0.464]
  
  
Dot AP*p: 2.177
  
alpha:0.631    2.177
  
x:
[0.315]
[0.446]
[0.315]
[0.446]
[0.631]
[0.446]
[0.315]
[0.446]
[0.315]
  
r:0.000
[-0.000]
[0.000]
[0.000]
[0.000]
[0.000]
[0.000]
[0.000]
[0.000]
[0.000]
  
r_new:  0.000
  
 
Inside the CG Method
 
Initial r:
 
[-0.185]
[-0.261]
[-0.185]
[-0.261]
[-0.369]
[-0.261]
[-0.185]
[-0.261]
[-0.185]
 
Initial p:
[-0.185]
[-0.261]
[-0.185]
[-0.261]
[-0.369]
[-0.261]
[-0.185]
[-0.261]
[-0.185]
 
r_old: 0.546
 
INSIDE ITERATIONS
  
Iteration: 0
  
P at the beggining
[-0.185]
[-0.261]
[-0.185]
[-0.261]
[-0.369]
[-0.261]
[-0.185]
[-0.261]
[-0.185]
  
A at the beggining
[  3.0 -0.5      -0.5                         ]
[ -0.5  3.0 -0.5      -0.5                    ]
[      -0.5  3.0           -0.5               ]
[ -0.5            3.0 -0.5      -0.5          ]
[      -0.5      -0.5  3.0 -0.5      -0.5     ]
[           -0.5      -0.5  3.0           -0.5]
[                -0.5            3.0 -0.5     ]
[                     -0.5      -0.5  3.0 -0.5]
[                          -0.5      -0.5  3.0]
  
AP:
[-0.293]
[-0.414]
[-0.293]
[-0.414]
[-0.586]
[-0.414]
[-0.293]
[-0.414]
[-0.293]
  
  
Dot AP*p: 0.866
  
alpha:0.631    0.866
  
x:
[0.199]
[0.281]
[0.199]
[0.281]
[0.398]
[0.281]
[0.199]
[0.281]
[0.199]
  
r:0.000
[-0.000]
[0.000]
[-0.000]
[0.000]
[-0.000]
[0.000]
[-0.000]
[0.000]
[-0.000]
  
r_new:  0.000
  
 
Inside the CG Method
 
Initial r:
 
[-0.116]
[-0.165]
[-0.116]
[-0.165]
[-0.233]
[-0.165]
[-0.116]
[-0.165]
[-0.116]
 
Initial p:
[-0.116]
[-0.165]
[-0.116]
[-0.165]
[-0.233]
[-0.165]
[-0.116]
[-0.165]
[-0.116]
 
r_old: 0.217
 
INSIDE ITERATIONS
  
Iteration: 0
  
P at the beggining
[-0.116]
[-0.165]
[-0.116]
[-0.165]
[-0.233]
[-0.165]
[-0.116]
[-0.165]
[-0.116]
  
A at the beggining
[  3.0 -0.5      -0.5                         ]
[ -0.5  3.0 -0.5      -0.5                    ]
[      -0.5  3.0           -0.5               ]
[ -0.5            3.0 -0.5      -0.5          ]
[      -0.5      -0.5  3.0 -0.5      -0.5     ]
[           -0.5      -0.5  3.0           -0.5]
[                -0.5            3.0 -0.5     ]
[                     -0.5      -0.5  3.0 -0.5]
[                          -0.5      -0.5  3.0]
  
AP:
[-0.185]
[-0.261]
[-0.185]
[-0.261]
[-0.369]
[-0.261]
[-0.185]
[-0.261]
[-0.185]
  
  
Dot AP*p: 0.344
  
alpha:0.631    0.344
  
x:
[0.125]
[0.177]
[0.125]
[0.177]
[0.251]
[0.177]
[0.125]
[0.177]
[0.125]
  
r:0.000
[0.000]
[-0.000]
[0.000]
[-0.000]
[0.000]
[-0.000]
[0.000]
[-0.000]
[0.000]
  
r_new:  0.000
  
 
Inside the CG Method
 
Initial r:
 
[-0.073]
[-0.104]
[-0.073]
[-0.104]
[-0.147]
[-0.104]
[-0.073]
[-0.104]
[-0.073]
 
Initial p:
[-0.073]
[-0.104]
[-0.073]
[-0.104]
[-0.147]
[-0.104]
[-0.073]
[-0.104]
[-0.073]
 
r_old: 0.086
 
INSIDE ITERATIONS
  
Iteration: 0
  
P at the beggining
[-0.073]
[-0.104]
[-0.073]
[-0.104]
[-0.147]
[-0.104]
[-0.073]
[-0.104]
[-0.073]
  
A at the beggining
[  3.0 -0.5      -0.5                         ]
[ -0.5  3.0 -0.5      -0.5                    ]
[      -0.5  3.0           -0.5               ]
[ -0.5            3.0 -0.5      -0.5          ]
[      -0.5      -0.5  3.0 -0.5      -0.5     ]
[           -0.5      -0.5  3.0           -0.5]
[                -0.5            3.0 -0.5     ]
[                     -0.5      -0.5  3.0 -0.5]
[                          -0.5      -0.5  3.0]
  
AP:
[-0.116]
[-0.165]
[-0.116]
[-0.165]
[-0.233]
[-0.165]
[-0.116]
[-0.165]
[-0.116]
  
  
Dot AP*p: 0.137
  
alpha:0.631    0.137
  
x:
[0.079]
[0.112]
[0.079]
[0.112]
[0.158]
[0.112]
[0.079]
[0.112]
[0.079]
  
r:0.000
[-0.000]
[0.000]
[-0.000]
[0.000]
[-0.000]
[0.000]
[-0.000]
[0.000]
[-0.000]
  
r_new:  0.000
  
 
Inside the CG Method
 
Initial r:
 
[-0.046]
[-0.066]
[-0.046]
[-0.066]
[-0.093]
[-0.066]
[-0.046]
[-0.066]
[-0.046]
 
Initial p:
[-0.046]
[-0.066]
[-0.046]
[-0.066]
[-0.093]
[-0.066]
[-0.046]
[-0.066]
[-0.046]
 
r_old: 0.034
 
INSIDE ITERATIONS
  
Iteration: 0
  
P at the beggining
[-0.046]
[-0.066]
[-0.046]
[-0.066]
[-0.093]
[-0.066]
[-0.046]
[-0.066]
[-0.046]
  
A at the beggining
[  3.0 -0.5      -0.5                         ]
[ -0.5  3.0 -0.5      -0.5                    ]
[      -0.5  3.0           -0.5               ]
[ -0.5            3.0 -0.5      -0.5          ]
[      -0.5      -0.5  3.0 -0.5      -0.5     ]
[           -0.5      -0.5  3.0           -0.5]
[                -0.5            3.0 -0.5     ]
[                     -0.5      -0.5  3.0 -0.5]
[                          -0.5      -0.5  3.0]
  
AP:
[-0.073]
[-0.104]
[-0.073]
[-0.104]
[-0.147]
[-0.104]
[-0.073]
[-0.104]
[-0.073]
  
  
Dot AP*p: 0.054
  
alpha:0.631    0.054
  
x:
[0.050]
[0.071]
[0.050]
[0.071]
[0.100]
[0.071]
[0.050]
[0.071]
[0.050]
  
r:0.000
[0.000]
[-0.000]
[0.000]
[-0.000]
[0.000]
[-0.000]
[0.000]
[-0.000]
[0.000]
  
r_new:  0.000
  
[0.050]
[0.071]
[0.050]
[0.071]
[0.100]
[0.071]
[0.050]
[0.071]
[0.050]
[0.050]
[0.071]
[0.050]
[0.071]
[0.100]
[0.071]
[0.050]
[0.071]
[0.050]
  
